<?xml version="1.0" encoding="UTF-8"?>
<testsuite xmlns:xsi="http://www.w3.org/2001/XMLSchema-instance" xsi:noNamespaceSchemaLocation="https://maven.apache.org/surefire/maven-surefire-plugin/xsd/surefire-test-report-3.0.xsd" version="3.0" name="TestSuite" time="3.855" tests="3" errors="0" skipped="2" failures="1">
  <properties>
    <property name="java.specification.version" value="18"/>
    <property name="webdriver.chrome.driver" value="C:\Users\akhil.krishnan\.m2\repository\webdriver\chromedriver\win32\114.0.5735.90\chromedriver.exe"/>
    <property name="sun.cpu.isalist" value="amd64"/>
    <property name="sun.jnu.encoding" value="Cp1252"/>
    <property name="java.class.path" value="C:\Users\akhil.krishnan\Maven_Automation\target\test-classes;C:\Users\akhil.krishnan\Maven_Automation\target\classes;C:\Users\akhil.krishnan\.m2\repository\io\qameta\allure\allure-cucumber4-jvm\2.13.1\allure-cucumber4-jvm-2.13.1.jar;C:\Users\akhil.krishnan\.m2\repository\io\qameta\allure\allure-java-commons\2.13.1\allure-java-commons-2.13.1.jar;C:\Users\akhil.krishnan\.m2\repository\io\qameta\allure\allure-model\2.13.1\allure-model-2.13.1.jar;C:\Users\akhil.krishnan\.m2\repository\com\fasterxml\jackson\core\jackson-databind\2.9.8\jackson-databind-2.9.8.jar;C:\Users\akhil.krishnan\.m2\repository\com\fasterxml\jackson\core\jackson-annotations\2.9.0\jackson-annotations-2.9.0.jar;C:\Users\akhil.krishnan\.m2\repository\com\fasterxml\jackson\core\jackson-core\2.9.8\jackson-core-2.9.8.jar;C:\Users\akhil.krishnan\.m2\repository\org\apache\tika\tika-core\1.20\tika-core-1.20.jar;C:\Users\akhil.krishnan\.m2\repository\org\jooq\joor-java-8\0.9.10\joor-java-8-0.9.10.jar;C:\Users\akhil.krishnan\.m2\repository\io\cucumber\cucumber-java\4.7.2\cucumber-java-4.7.2.jar;C:\Users\akhil.krishnan\.m2\repository\io\qameta\allure\allure-junit4\2.13.5\allure-junit4-2.13.5.jar;C:\Users\akhil.krishnan\.m2\repository\org\aspectj\aspectjweaver\1.8.10\aspectjweaver-1.8.10.jar;C:\Users\akhil.krishnan\.m2\repository\io\qameta\allure\allure-selenide\2.19.0\allure-selenide-2.19.0.jar;C:\Users\akhil.krishnan\.m2\repository\junit\junit\4.13.2\junit-4.13.2.jar;C:\Users\akhil.krishnan\.m2\repository\org\hamcrest\hamcrest-core\1.3\hamcrest-core-1.3.jar;C:\Users\akhil.krishnan\.m2\repository\org\junit\jupiter\junit-jupiter\5.4.0-RC1\junit-jupiter-5.4.0-RC1.jar;C:\Users\akhil.krishnan\.m2\repository\org\apiguardian\apiguardian-api\1.0.0\apiguardian-api-1.0.0.jar;C:\Users\akhil.krishnan\.m2\repository\org\junit\jupiter\junit-jupiter-api\5.4.0-RC1\junit-jupiter-api-5.4.0-RC1.jar;C:\Users\akhil.krishnan\.m2\repository\org\opentest4j\opentest4j\1.1.1\opentest4j-1.1.1.jar;C:\Users\akhil.krishnan\.m2\repository\org\junit\platform\junit-platform-commons\1.4.0-RC1\junit-platform-commons-1.4.0-RC1.jar;C:\Users\akhil.krishnan\.m2\repository\org\junit\jupiter\junit-jupiter-params\5.4.0-RC1\junit-jupiter-params-5.4.0-RC1.jar;C:\Users\akhil.krishnan\.m2\repository\org\junit\jupiter\junit-jupiter-engine\5.4.0-RC1\junit-jupiter-engine-5.4.0-RC1.jar;C:\Users\akhil.krishnan\.m2\repository\org\junit\platform\junit-platform-engine\1.4.0-RC1\junit-platform-engine-1.4.0-RC1.jar;C:\Users\akhil.krishnan\.m2\repository\io\cucumber\cucumber-java8\4.8.1\cucumber-java8-4.8.1.jar;C:\Users\akhil.krishnan\.m2\repository\net\jodah\typetools\0.5.0\typetools-0.5.0.jar;C:\Users\akhil.krishnan\.m2\repository\io\cucumber\cucumber-core\4.8.1\cucumber-core-4.8.1.jar;C:\Users\akhil.krishnan\.m2\repository\io\cucumber\gherkin\5.1.0\gherkin-5.1.0.jar;C:\Users\akhil.krishnan\.m2\repository\io\cucumber\tag-expressions\1.1.1\tag-expressions-1.1.1.jar;C:\Users\akhil.krishnan\.m2\repository\io\cucumber\cucumber-expressions\7.0.2\cucumber-expressions-7.0.2.jar;C:\Users\akhil.krishnan\.m2\repository\io\cucumber\datatable\1.1.14\datatable-1.1.14.jar;C:\Users\akhil.krishnan\.m2\repository\io\cucumber\datatable-dependencies\1.1.14\datatable-dependencies-1.1.14.jar;C:\Users\akhil.krishnan\.m2\repository\io\cucumber\cucumber-junit\4.8.1\cucumber-junit-4.8.1.jar;C:\Users\akhil.krishnan\.m2\repository\com\aventstack\extentreports-cucumber4-adapter\1.0.12\extentreports-cucumber4-adapter-1.0.12.jar;C:\Users\akhil.krishnan\.m2\repository\com\aventstack\extentreports\4.1.5\extentreports-4.1.5.jar;C:\Users\akhil.krishnan\.m2\repository\org\freemarker\freemarker\2.3.29\freemarker-2.3.29.jar;C:\Users\akhil.krishnan\.m2\repository\org\apache\httpcomponents\httpmime\4.5.2\httpmime-4.5.2.jar;C:\Users\akhil.krishnan\.m2\repository\org\mongodb\bson\3.12.0\bson-3.12.0.jar;C:\Users\akhil.krishnan\.m2\repository\org\mongodb\mongodb-driver\3.3.0\mongodb-driver-3.3.0.jar;C:\Users\akhil.krishnan\.m2\repository\org\mongodb\mongodb-driver-core\3.3.0\mongodb-driver-core-3.3.0.jar;C:\Users\akhil.krishnan\.m2\repository\tech\grasshopper\extentreports-cucumber6-adapter\1.2.0\extentreports-cucumber6-adapter-1.2.0.jar;C:\Users\akhil.krishnan\.m2\repository\org\seleniumhq\selenium\selenium-java\3.141.59\selenium-java-3.141.59.jar;C:\Users\akhil.krishnan\.m2\repository\org\seleniumhq\selenium\selenium-api\3.141.59\selenium-api-3.141.59.jar;C:\Users\akhil.krishnan\.m2\repository\org\seleniumhq\selenium\selenium-chrome-driver\3.141.59\selenium-chrome-driver-3.141.59.jar;C:\Users\akhil.krishnan\.m2\repository\org\seleniumhq\selenium\selenium-edge-driver\3.141.59\selenium-edge-driver-3.141.59.jar;C:\Users\akhil.krishnan\.m2\repository\org\seleniumhq\selenium\selenium-firefox-driver\3.141.59\selenium-firefox-driver-3.141.59.jar;C:\Users\akhil.krishnan\.m2\repository\org\seleniumhq\selenium\selenium-ie-driver\3.141.59\selenium-ie-driver-3.141.59.jar;C:\Users\akhil.krishnan\.m2\repository\org\seleniumhq\selenium\selenium-opera-driver\3.141.59\selenium-opera-driver-3.141.59.jar;C:\Users\akhil.krishnan\.m2\repository\org\seleniumhq\selenium\selenium-remote-driver\3.141.59\selenium-remote-driver-3.141.59.jar;C:\Users\akhil.krishnan\.m2\repository\org\seleniumhq\selenium\selenium-safari-driver\3.141.59\selenium-safari-driver-3.141.59.jar;C:\Users\akhil.krishnan\.m2\repository\org\seleniumhq\selenium\selenium-support\3.141.59\selenium-support-3.141.59.jar;C:\Users\akhil.krishnan\.m2\repository\net\bytebuddy\byte-buddy\1.8.15\byte-buddy-1.8.15.jar;C:\Users\akhil.krishnan\.m2\repository\org\apache\commons\commons-exec\1.3\commons-exec-1.3.jar;C:\Users\akhil.krishnan\.m2\repository\com\squareup\okhttp3\okhttp\3.11.0\okhttp-3.11.0.jar;C:\Users\akhil.krishnan\.m2\repository\com\squareup\okio\okio\1.14.0\okio-1.14.0.jar;C:\Users\akhil.krishnan\.m2\repository\io\cucumber\cucumber-testng\4.8.1\cucumber-testng-4.8.1.jar;C:\Users\akhil.krishnan\.m2\repository\org\testng\testng\6.14.3\testng-6.14.3.jar;C:\Users\akhil.krishnan\.m2\repository\com\beust\jcommander\1.72\jcommander-1.72.jar;C:\Users\akhil.krishnan\.m2\repository\org\apache-extras\beanshell\bsh\2.0b6\bsh-2.0b6.jar;C:\Users\akhil.krishnan\.m2\repository\com\github\javafaker\javafaker\1.0.2\javafaker-1.0.2.jar;C:\Users\akhil.krishnan\.m2\repository\org\apache\commons\commons-lang3\3.5\commons-lang3-3.5.jar;C:\Users\akhil.krishnan\.m2\repository\org\yaml\snakeyaml\1.23\snakeyaml-1.23-android.jar;C:\Users\akhil.krishnan\.m2\repository\com\github\mifmif\generex\1.0.2\generex-1.0.2.jar;C:\Users\akhil.krishnan\.m2\repository\dk\brics\automaton\automaton\1.11-8\automaton-1.11-8.jar;C:\Users\akhil.krishnan\.m2\repository\org\apache\poi\poi\4.1.2\poi-4.1.2.jar;C:\Users\akhil.krishnan\.m2\repository\commons-codec\commons-codec\1.13\commons-codec-1.13.jar;C:\Users\akhil.krishnan\.m2\repository\org\apache\commons\commons-collections4\4.4\commons-collections4-4.4.jar;C:\Users\akhil.krishnan\.m2\repository\org\apache\commons\commons-math3\3.6.1\commons-math3-3.6.1.jar;C:\Users\akhil.krishnan\.m2\repository\com\zaxxer\SparseBitSet\1.2\SparseBitSet-1.2.jar;C:\Users\akhil.krishnan\.m2\repository\org\apache\poi\poi-ooxml\4.1.2\poi-ooxml-4.1.2.jar;C:\Users\akhil.krishnan\.m2\repository\org\apache\poi\poi-ooxml-schemas\4.1.2\poi-ooxml-schemas-4.1.2.jar;C:\Users\akhil.krishnan\.m2\repository\org\apache\xmlbeans\xmlbeans\3.1.0\xmlbeans-3.1.0.jar;C:\Users\akhil.krishnan\.m2\repository\org\apache\commons\commons-compress\1.19\commons-compress-1.19.jar;C:\Users\akhil.krishnan\.m2\repository\com\github\virtuald\curvesapi\1.06\curvesapi-1.06.jar;C:\Users\akhil.krishnan\.m2\repository\commons-io\commons-io\2.6\commons-io-2.6.jar;C:\Users\akhil.krishnan\.m2\repository\mysql\mysql-connector-java\8.0.22\mysql-connector-java-8.0.22.jar;C:\Users\akhil.krishnan\.m2\repository\com\google\protobuf\protobuf-java\3.11.4\protobuf-java-3.11.4.jar;C:\Users\akhil.krishnan\.m2\repository\com\google\guava\guava\31.0-jre\guava-31.0-jre.jar;C:\Users\akhil.krishnan\.m2\repository\com\google\guava\failureaccess\1.0.1\failureaccess-1.0.1.jar;C:\Users\akhil.krishnan\.m2\repository\com\google\guava\listenablefuture\9999.0-empty-to-avoid-conflict-with-guava\listenablefuture-9999.0-empty-to-avoid-conflict-with-guava.jar;C:\Users\akhil.krishnan\.m2\repository\com\google\code\findbugs\jsr305\3.0.2\jsr305-3.0.2.jar;C:\Users\akhil.krishnan\.m2\repository\org\checkerframework\checker-qual\3.12.0\checker-qual-3.12.0.jar;C:\Users\akhil.krishnan\.m2\repository\com\google\errorprone\error_prone_annotations\2.7.1\error_prone_annotations-2.7.1.jar;C:\Users\akhil.krishnan\.m2\repository\com\google\j2objc\j2objc-annotations\1.3\j2objc-annotations-1.3.jar;C:\Users\akhil.krishnan\.m2\repository\io\github\bonigarcia\webdrivermanager\3.7.1\webdrivermanager-3.7.1.jar;C:\Users\akhil.krishnan\.m2\repository\com\google\code\gson\gson\2.8.5\gson-2.8.5.jar;C:\Users\akhil.krishnan\.m2\repository\org\apache\httpcomponents\httpclient\4.5.6\httpclient-4.5.6.jar;C:\Users\akhil.krishnan\.m2\repository\org\apache\httpcomponents\httpcore\4.4.10\httpcore-4.4.10.jar;C:\Users\akhil.krishnan\.m2\repository\commons-logging\commons-logging\1.2\commons-logging-1.2.jar;C:\Users\akhil.krishnan\.m2\repository\org\rauschig\jarchivelib\1.0.0\jarchivelib-1.0.0.jar;C:\Users\akhil.krishnan\.m2\repository\org\jsoup\jsoup\1.11.3\jsoup-1.11.3.jar;C:\Users\akhil.krishnan\.m2\repository\org\slf4j\slf4j-api\2.0.0-alpha5\slf4j-api-2.0.0-alpha5.jar;C:\Users\akhil.krishnan\.m2\repository\org\slf4j\slf4j-simple\2.0.0-alpha5\slf4j-simple-2.0.0-alpha5.jar;C:\Users\akhil.krishnan\.m2\repository\com\sun\mail\javax.mail\1.6.2\javax.mail-1.6.2.jar;C:\Users\akhil.krishnan\.m2\repository\javax\activation\activation\1.1\activation-1.1.jar;"/>
    <property name="java.vm.vendor" value="Oracle Corporation"/>
    <property name="sun.arch.data.model" value="64"/>
    <property name="user.variant" value=""/>
    <property name="java.vendor.url" value="https://java.oracle.com/"/>
    <property name="user.timezone" value="Asia/Colombo"/>
    <property name="os.name" value="Windows 11"/>
    <property name="java.vm.specification.version" value="18"/>
    <property name="sun.java.launcher" value="SUN_STANDARD"/>
    <property name="user.country" value="US"/>
    <property name="allure.link.issue.pattern" value="https://example.org/browse/{}"/>
    <property name="sun.boot.library.path" value="C:\Program Files\Java\jdk-18.0.1.1\bin"/>
    <property name="sun.java.command" value="C:\Users\akhil.krishnan\AppData\Local\Temp\surefire5950697450722538288\surefirebooter1135588055170931088.jar C:\Users\akhil.krishnan\AppData\Local\Temp\surefire5950697450722538288 2024-05-14T19-08-02_549-jvmRun1 surefire9327448361233593095tmp surefire_06367284469635135370tmp"/>
    <property name="jdk.debug" value="release"/>
    <property name="surefire.test.class.path" value="C:\Users\akhil.krishnan\Maven_Automation\target\test-classes;C:\Users\akhil.krishnan\Maven_Automation\target\classes;C:\Users\akhil.krishnan\.m2\repository\io\qameta\allure\allure-cucumber4-jvm\2.13.1\allure-cucumber4-jvm-2.13.1.jar;C:\Users\akhil.krishnan\.m2\repository\io\qameta\allure\allure-java-commons\2.13.1\allure-java-commons-2.13.1.jar;C:\Users\akhil.krishnan\.m2\repository\io\qameta\allure\allure-model\2.13.1\allure-model-2.13.1.jar;C:\Users\akhil.krishnan\.m2\repository\com\fasterxml\jackson\core\jackson-databind\2.9.8\jackson-databind-2.9.8.jar;C:\Users\akhil.krishnan\.m2\repository\com\fasterxml\jackson\core\jackson-annotations\2.9.0\jackson-annotations-2.9.0.jar;C:\Users\akhil.krishnan\.m2\repository\com\fasterxml\jackson\core\jackson-core\2.9.8\jackson-core-2.9.8.jar;C:\Users\akhil.krishnan\.m2\repository\org\apache\tika\tika-core\1.20\tika-core-1.20.jar;C:\Users\akhil.krishnan\.m2\repository\org\jooq\joor-java-8\0.9.10\joor-java-8-0.9.10.jar;C:\Users\akhil.krishnan\.m2\repository\io\cucumber\cucumber-java\4.7.2\cucumber-java-4.7.2.jar;C:\Users\akhil.krishnan\.m2\repository\io\qameta\allure\allure-junit4\2.13.5\allure-junit4-2.13.5.jar;C:\Users\akhil.krishnan\.m2\repository\org\aspectj\aspectjweaver\1.8.10\aspectjweaver-1.8.10.jar;C:\Users\akhil.krishnan\.m2\repository\io\qameta\allure\allure-selenide\2.19.0\allure-selenide-2.19.0.jar;C:\Users\akhil.krishnan\.m2\repository\junit\junit\4.13.2\junit-4.13.2.jar;C:\Users\akhil.krishnan\.m2\repository\org\hamcrest\hamcrest-core\1.3\hamcrest-core-1.3.jar;C:\Users\akhil.krishnan\.m2\repository\org\junit\jupiter\junit-jupiter\5.4.0-RC1\junit-jupiter-5.4.0-RC1.jar;C:\Users\akhil.krishnan\.m2\repository\org\apiguardian\apiguardian-api\1.0.0\apiguardian-api-1.0.0.jar;C:\Users\akhil.krishnan\.m2\repository\org\junit\jupiter\junit-jupiter-api\5.4.0-RC1\junit-jupiter-api-5.4.0-RC1.jar;C:\Users\akhil.krishnan\.m2\repository\org\opentest4j\opentest4j\1.1.1\opentest4j-1.1.1.jar;C:\Users\akhil.krishnan\.m2\repository\org\junit\platform\junit-platform-commons\1.4.0-RC1\junit-platform-commons-1.4.0-RC1.jar;C:\Users\akhil.krishnan\.m2\repository\org\junit\jupiter\junit-jupiter-params\5.4.0-RC1\junit-jupiter-params-5.4.0-RC1.jar;C:\Users\akhil.krishnan\.m2\repository\org\junit\jupiter\junit-jupiter-engine\5.4.0-RC1\junit-jupiter-engine-5.4.0-RC1.jar;C:\Users\akhil.krishnan\.m2\repository\org\junit\platform\junit-platform-engine\1.4.0-RC1\junit-platform-engine-1.4.0-RC1.jar;C:\Users\akhil.krishnan\.m2\repository\io\cucumber\cucumber-java8\4.8.1\cucumber-java8-4.8.1.jar;C:\Users\akhil.krishnan\.m2\repository\net\jodah\typetools\0.5.0\typetools-0.5.0.jar;C:\Users\akhil.krishnan\.m2\repository\io\cucumber\cucumber-core\4.8.1\cucumber-core-4.8.1.jar;C:\Users\akhil.krishnan\.m2\repository\io\cucumber\gherkin\5.1.0\gherkin-5.1.0.jar;C:\Users\akhil.krishnan\.m2\repository\io\cucumber\tag-expressions\1.1.1\tag-expressions-1.1.1.jar;C:\Users\akhil.krishnan\.m2\repository\io\cucumber\cucumber-expressions\7.0.2\cucumber-expressions-7.0.2.jar;C:\Users\akhil.krishnan\.m2\repository\io\cucumber\datatable\1.1.14\datatable-1.1.14.jar;C:\Users\akhil.krishnan\.m2\repository\io\cucumber\datatable-dependencies\1.1.14\datatable-dependencies-1.1.14.jar;C:\Users\akhil.krishnan\.m2\repository\io\cucumber\cucumber-junit\4.8.1\cucumber-junit-4.8.1.jar;C:\Users\akhil.krishnan\.m2\repository\com\aventstack\extentreports-cucumber4-adapter\1.0.12\extentreports-cucumber4-adapter-1.0.12.jar;C:\Users\akhil.krishnan\.m2\repository\com\aventstack\extentreports\4.1.5\extentreports-4.1.5.jar;C:\Users\akhil.krishnan\.m2\repository\org\freemarker\freemarker\2.3.29\freemarker-2.3.29.jar;C:\Users\akhil.krishnan\.m2\repository\org\apache\httpcomponents\httpmime\4.5.2\httpmime-4.5.2.jar;C:\Users\akhil.krishnan\.m2\repository\org\mongodb\bson\3.12.0\bson-3.12.0.jar;C:\Users\akhil.krishnan\.m2\repository\org\mongodb\mongodb-driver\3.3.0\mongodb-driver-3.3.0.jar;C:\Users\akhil.krishnan\.m2\repository\org\mongodb\mongodb-driver-core\3.3.0\mongodb-driver-core-3.3.0.jar;C:\Users\akhil.krishnan\.m2\repository\tech\grasshopper\extentreports-cucumber6-adapter\1.2.0\extentreports-cucumber6-adapter-1.2.0.jar;C:\Users\akhil.krishnan\.m2\repository\org\seleniumhq\selenium\selenium-java\3.141.59\selenium-java-3.141.59.jar;C:\Users\akhil.krishnan\.m2\repository\org\seleniumhq\selenium\selenium-api\3.141.59\selenium-api-3.141.59.jar;C:\Users\akhil.krishnan\.m2\repository\org\seleniumhq\selenium\selenium-chrome-driver\3.141.59\selenium-chrome-driver-3.141.59.jar;C:\Users\akhil.krishnan\.m2\repository\org\seleniumhq\selenium\selenium-edge-driver\3.141.59\selenium-edge-driver-3.141.59.jar;C:\Users\akhil.krishnan\.m2\repository\org\seleniumhq\selenium\selenium-firefox-driver\3.141.59\selenium-firefox-driver-3.141.59.jar;C:\Users\akhil.krishnan\.m2\repository\org\seleniumhq\selenium\selenium-ie-driver\3.141.59\selenium-ie-driver-3.141.59.jar;C:\Users\akhil.krishnan\.m2\repository\org\seleniumhq\selenium\selenium-opera-driver\3.141.59\selenium-opera-driver-3.141.59.jar;C:\Users\akhil.krishnan\.m2\repository\org\seleniumhq\selenium\selenium-remote-driver\3.141.59\selenium-remote-driver-3.141.59.jar;C:\Users\akhil.krishnan\.m2\repository\org\seleniumhq\selenium\selenium-safari-driver\3.141.59\selenium-safari-driver-3.141.59.jar;C:\Users\akhil.krishnan\.m2\repository\org\seleniumhq\selenium\selenium-support\3.141.59\selenium-support-3.141.59.jar;C:\Users\akhil.krishnan\.m2\repository\net\bytebuddy\byte-buddy\1.8.15\byte-buddy-1.8.15.jar;C:\Users\akhil.krishnan\.m2\repository\org\apache\commons\commons-exec\1.3\commons-exec-1.3.jar;C:\Users\akhil.krishnan\.m2\repository\com\squareup\okhttp3\okhttp\3.11.0\okhttp-3.11.0.jar;C:\Users\akhil.krishnan\.m2\repository\com\squareup\okio\okio\1.14.0\okio-1.14.0.jar;C:\Users\akhil.krishnan\.m2\repository\io\cucumber\cucumber-testng\4.8.1\cucumber-testng-4.8.1.jar;C:\Users\akhil.krishnan\.m2\repository\org\testng\testng\6.14.3\testng-6.14.3.jar;C:\Users\akhil.krishnan\.m2\repository\com\beust\jcommander\1.72\jcommander-1.72.jar;C:\Users\akhil.krishnan\.m2\repository\org\apache-extras\beanshell\bsh\2.0b6\bsh-2.0b6.jar;C:\Users\akhil.krishnan\.m2\repository\com\github\javafaker\javafaker\1.0.2\javafaker-1.0.2.jar;C:\Users\akhil.krishnan\.m2\repository\org\apache\commons\commons-lang3\3.5\commons-lang3-3.5.jar;C:\Users\akhil.krishnan\.m2\repository\org\yaml\snakeyaml\1.23\snakeyaml-1.23-android.jar;C:\Users\akhil.krishnan\.m2\repository\com\github\mifmif\generex\1.0.2\generex-1.0.2.jar;C:\Users\akhil.krishnan\.m2\repository\dk\brics\automaton\automaton\1.11-8\automaton-1.11-8.jar;C:\Users\akhil.krishnan\.m2\repository\org\apache\poi\poi\4.1.2\poi-4.1.2.jar;C:\Users\akhil.krishnan\.m2\repository\commons-codec\commons-codec\1.13\commons-codec-1.13.jar;C:\Users\akhil.krishnan\.m2\repository\org\apache\commons\commons-collections4\4.4\commons-collections4-4.4.jar;C:\Users\akhil.krishnan\.m2\repository\org\apache\commons\commons-math3\3.6.1\commons-math3-3.6.1.jar;C:\Users\akhil.krishnan\.m2\repository\com\zaxxer\SparseBitSet\1.2\SparseBitSet-1.2.jar;C:\Users\akhil.krishnan\.m2\repository\org\apache\poi\poi-ooxml\4.1.2\poi-ooxml-4.1.2.jar;C:\Users\akhil.krishnan\.m2\repository\org\apache\poi\poi-ooxml-schemas\4.1.2\poi-ooxml-schemas-4.1.2.jar;C:\Users\akhil.krishnan\.m2\repository\org\apache\xmlbeans\xmlbeans\3.1.0\xmlbeans-3.1.0.jar;C:\Users\akhil.krishnan\.m2\repository\org\apache\commons\commons-compress\1.19\commons-compress-1.19.jar;C:\Users\akhil.krishnan\.m2\repository\com\github\virtuald\curvesapi\1.06\curvesapi-1.06.jar;C:\Users\akhil.krishnan\.m2\repository\commons-io\commons-io\2.6\commons-io-2.6.jar;C:\Users\akhil.krishnan\.m2\repository\mysql\mysql-connector-java\8.0.22\mysql-connector-java-8.0.22.jar;C:\Users\akhil.krishnan\.m2\repository\com\google\protobuf\protobuf-java\3.11.4\protobuf-java-3.11.4.jar;C:\Users\akhil.krishnan\.m2\repository\com\google\guava\guava\31.0-jre\guava-31.0-jre.jar;C:\Users\akhil.krishnan\.m2\repository\com\google\guava\failureaccess\1.0.1\failureaccess-1.0.1.jar;C:\Users\akhil.krishnan\.m2\repository\com\google\guava\listenablefuture\9999.0-empty-to-avoid-conflict-with-guava\listenablefuture-9999.0-empty-to-avoid-conflict-with-guava.jar;C:\Users\akhil.krishnan\.m2\repository\com\google\code\findbugs\jsr305\3.0.2\jsr305-3.0.2.jar;C:\Users\akhil.krishnan\.m2\repository\org\checkerframework\checker-qual\3.12.0\checker-qual-3.12.0.jar;C:\Users\akhil.krishnan\.m2\repository\com\google\errorprone\error_prone_annotations\2.7.1\error_prone_annotations-2.7.1.jar;C:\Users\akhil.krishnan\.m2\repository\com\google\j2objc\j2objc-annotations\1.3\j2objc-annotations-1.3.jar;C:\Users\akhil.krishnan\.m2\repository\io\github\bonigarcia\webdrivermanager\3.7.1\webdrivermanager-3.7.1.jar;C:\Users\akhil.krishnan\.m2\repository\com\google\code\gson\gson\2.8.5\gson-2.8.5.jar;C:\Users\akhil.krishnan\.m2\repository\org\apache\httpcomponents\httpclient\4.5.6\httpclient-4.5.6.jar;C:\Users\akhil.krishnan\.m2\repository\org\apache\httpcomponents\httpcore\4.4.10\httpcore-4.4.10.jar;C:\Users\akhil.krishnan\.m2\repository\commons-logging\commons-logging\1.2\commons-logging-1.2.jar;C:\Users\akhil.krishnan\.m2\repository\org\rauschig\jarchivelib\1.0.0\jarchivelib-1.0.0.jar;C:\Users\akhil.krishnan\.m2\repository\org\jsoup\jsoup\1.11.3\jsoup-1.11.3.jar;C:\Users\akhil.krishnan\.m2\repository\org\slf4j\slf4j-api\2.0.0-alpha5\slf4j-api-2.0.0-alpha5.jar;C:\Users\akhil.krishnan\.m2\repository\org\slf4j\slf4j-simple\2.0.0-alpha5\slf4j-simple-2.0.0-alpha5.jar;C:\Users\akhil.krishnan\.m2\repository\com\sun\mail\javax.mail\1.6.2\javax.mail-1.6.2.jar;C:\Users\akhil.krishnan\.m2\repository\javax\activation\activation\1.1\activation-1.1.jar;"/>
    <property name="allure.results.directory" value="test-output/allure-results"/>
    <property name="sun.cpu.endian" value="little"/>
    <property name="user.home" value="C:\Users\akhil.krishnan"/>
    <property name="user.language" value="en"/>
    <property name="java.specification.vendor" value="Oracle Corporation"/>
    <property name="java.version.date" value="2022-04-22"/>
    <property name="java.home" value="C:\Program Files\Java\jdk-18.0.1.1"/>
    <property name="file.separator" value="\"/>
    <property name="allure.link.tms.pattern" value="https://example.org/browse/{}"/>
    <property name="basedir" value="C:\Users\akhil.krishnan\Maven_Automation"/>
    <property name="java.vm.compressedOopsMode" value="Zero based"/>
    <property name="line.separator" value="&#10;"/>
    <property name="java.vm.specification.vendor" value="Oracle Corporation"/>
    <property name="java.specification.name" value="Java Platform API Specification"/>
    <property name="surefire.real.class.path" value="C:\Users\akhil.krishnan\AppData\Local\Temp\surefire5950697450722538288\surefirebooter1135588055170931088.jar"/>
    <property name="user.script" value=""/>
    <property name="sun.management.compiler" value="HotSpot 64-Bit Tiered Compilers"/>
    <property name="java.runtime.version" value="18.0.1.1+2-6"/>
    <property name="user.name" value="akhil.krishnan"/>
    <property name="path.separator" value=";"/>
    <property name="os.version" value="10.0"/>
    <property name="java.runtime.name" value="Java(TM) SE Runtime Environment"/>
    <property name="file.encoding" value="UTF-8"/>
    <property name="java.vm.name" value="Java HotSpot(TM) 64-Bit Server VM"/>
    <property name="localRepository" value="C:\Users\akhil.krishnan\.m2\repository"/>
    <property name="cucumber.options" value="--plugin io.qameta.allure.cucumber4jvm.AllureCucumber4Jvm"/>
    <property name="java.vendor.url.bug" value="https://bugreport.java.com/bugreport/"/>
    <property name="java.io.tmpdir" value="C:\Users\AKHIL~1.KRI\AppData\Local\Temp\"/>
    <property name="java.version" value="18.0.1.1"/>
    <property name="user.dir" value="C:\Users\akhil.krishnan\Maven_Automation"/>
    <property name="os.arch" value="amd64"/>
    <property name="java.vm.specification.name" value="Java Virtual Machine Specification"/>
    <property name="sun.os.patch.level" value=""/>
    <property name="native.encoding" value="Cp1252"/>
    <property name="java.library.path" value="C:\Program Files\Java\jdk-18.0.1.1\bin;C:\WINDOWS\Sun\Java\bin;C:\WINDOWS\system32;C:\WINDOWS;C:\Python311\Scripts\;C:\Python311\;C:\WINDOWS\system32;C:\WINDOWS;C:\WINDOWS\System32\Wbem;C:\WINDOWS\System32\WindowsPowerShell\v1.0\;C:\WINDOWS\System32\OpenSSH\;C:\Program Files\dotnet\;C:\Program Files (x86)\CheckPoint\Endpoint Security\Endpoint Common\bin;C:\Program Files (x86)\Microsoft SQL Server\150\DTS\Binn\;C:\Program Files\Azure Data Studio\bin;C:\Users\Suyati\Downloads\apache-maven-3.8.6-bin\apache-maven-3.8.6\bin;C:\Program Files (x86)\Bold Technologies\Manitou\LocalUtilityService\Launcher;C:\Users\Suyati\Downloads\allure-commandline-2.19.0\allure-2.19.0\bin;C:\Users\Suyati\Python;C:\Users\Suyati\Python\Scripts;C:\Program Files\Git\cmd;C:\Program Files\Java\jdk-11.0.16.1\bin;C:\Program Files\Java\jdk-18.0.1.1\bin;C:\Program Files\Common Files\Oracle\Java\javapath;;C:\Program Files (x86)\Bold Technologies\Manitou\VCC;C:\Program Files\nodejs\;C:\ProgramData\chocolatey\bin;;C:\Program Files\Microsoft VS Code\bin;C:\Users\akhil.krishnan\AppData\Local\Microsoft\WindowsApps;;C:\Users\akhil.krishnan\AppData\Roaming\npm;."/>
    <property name="java.vm.info" value="mixed mode, sharing"/>
    <property name="java.vendor" value="Oracle Corporation"/>
    <property name="java.vm.version" value="18.0.1.1+2-6"/>
    <property name="sun.io.unicode.encoding" value="UnicodeLittle"/>
    <property name="java.class.version" value="62.0"/>
  </properties>
  <testcase name="start" classname="Runner.runner" time="2.959">
    <failure message="session not created: This version of ChromeDriver only supports Chrome version 114&#10;Current browser version is 124.0.6367.201 with binary path C:\Program Files\Google\Chrome\Application\chrome.exe&#10;Build info: version: &apos;3.141.59&apos;, revision: &apos;e82be7d358&apos;, time: &apos;2018-11-14T08:17:03&apos;&#10;System info: host: &apos;SUYCOKHWLAP300&apos;, ip: &apos;192.168.1.41&apos;, os.name: &apos;Windows 11&apos;, os.arch: &apos;amd64&apos;, os.version: &apos;10.0&apos;, java.version: &apos;18.0.1.1&apos;&#10;Driver info: driver.version: ChromeDriver&#10;remote stacktrace: Backtrace:&#10;	GetHandleVerifier [0x009BA813+48355]&#10;	(No symbol) [0x0094C4B1]&#10;	(No symbol) [0x00855358]&#10;	(No symbol) [0x008761AC]&#10;	(No symbol) [0x00871EF3]&#10;	(No symbol) [0x00870579]&#10;	(No symbol) [0x008A0C55]&#10;	(No symbol) [0x008A093C]&#10;	(No symbol) [0x0089A536]&#10;	(No symbol) [0x008782DC]&#10;	(No symbol) [0x008793DD]&#10;	GetHandleVerifier [0x00C1AABD+2539405]&#10;	GetHandleVerifier [0x00C5A78F+2800735]&#10;	GetHandleVerifier [0x00C5456C+2775612]&#10;	GetHandleVerifier [0x00A451E0+616112]&#10;	(No symbol) [0x00955F8C]&#10;	(No symbol) [0x00952328]&#10;	(No symbol) [0x0095240B]&#10;	(No symbol) [0x00944FF7]&#10;	BaseThreadInitThunk [0x77177BA9+25]&#10;	RtlInitializeExceptionChain [0x7784BD2B+107]&#10;	RtlClearBits [0x7784BCAF+191]&#10;" type="org.openqa.selenium.SessionNotCreatedException"><![CDATA[org.openqa.selenium.SessionNotCreatedException: 
session not created: This version of ChromeDriver only supports Chrome version 114
Current browser version is 124.0.6367.201 with binary path C:\Program Files\Google\Chrome\Application\chrome.exe
Build info: version: '3.141.59', revision: 'e82be7d358', time: '2018-11-14T08:17:03'
System info: host: 'SUYCOKHWLAP300', ip: '192.168.1.41', os.name: 'Windows 11', os.arch: 'amd64', os.version: '10.0', java.version: '18.0.1.1'
Driver info: driver.version: ChromeDriver
remote stacktrace: Backtrace:
	GetHandleVerifier [0x009BA813+48355]
	(No symbol) [0x0094C4B1]
	(No symbol) [0x00855358]
	(No symbol) [0x008761AC]
	(No symbol) [0x00871EF3]
	(No symbol) [0x00870579]
	(No symbol) [0x008A0C55]
	(No symbol) [0x008A093C]
	(No symbol) [0x0089A536]
	(No symbol) [0x008782DC]
	(No symbol) [0x008793DD]
	GetHandleVerifier [0x00C1AABD+2539405]
	GetHandleVerifier [0x00C5A78F+2800735]
	GetHandleVerifier [0x00C5456C+2775612]
	GetHandleVerifier [0x00A451E0+616112]
	(No symbol) [0x00955F8C]
	(No symbol) [0x00952328]
	(No symbol) [0x0095240B]
	(No symbol) [0x00944FF7]
	BaseThreadInitThunk [0x77177BA9+25]
	RtlInitializeExceptionChain [0x7784BD2B+107]
	RtlClearBits [0x7784BCAF+191]

	at Runner.runner.start(runner.java:28)
]]></failure>
    <system-err><![CDATA[[main] INFO io.github.bonigarcia.wdm.WebDriverManager - Using chromedriver 114.0.5735.90 (since Google Chrome 124 is installed in your machine)
[main] INFO io.github.bonigarcia.wdm.WebDriverManager - Exporting webdriver.chrome.driver as C:\Users\akhil.krishnan\.m2\repository\webdriver\chromedriver\win32\114.0.5735.90\chromedriver.exe
Starting ChromeDriver 114.0.5735.90 (386bc09e8f4f2e025eddae123f36f6263096ae49-refs/branch-heads/5735@{#1052}) on port 47607
Only local connections are allowed.
Please see https://chromedriver.chromium.org/security-considerations for suggestions on keeping ChromeDriver safe.
ChromeDriver was started successfully.
]]></system-err>
  </testcase>
  <testcase name="runScenario" classname="Runner.runner" time="0">
    <skipped message="java.lang.IllegalArgumentException: Not a file or directory: C:\Users\akhil.krishnan\Maven_Automation\src\test\java\feature"/>
    <system-err><![CDATA[[Utils] [ERROR] [Error] java.lang.IllegalArgumentException: Not a file or directory: C:\Users\akhil.krishnan\Maven_Automation\src\test\java\feature
	at cucumber.runtime.io.FileResourceIterator$FileIterator.&lt;init&gt;(FileResourceIterator.java:63)
	at cucumber.runtime.io.FileResourceIterator.&lt;init&gt;(FileResourceIterator.java:28)
	at cucumber.runtime.io.FileResourceIterator.createFileResourceIterator(FileResourceIterator.java:14)
	at cucumber.runtime.io.FileResourceIterable.iterator(FileResourceIterable.java:19)
	at cucumber.runtime.model.FeatureLoader.loadFromFeaturePath(FeatureLoader.java:31)
	at cucumber.runtime.model.FeatureLoader.load(FeatureLoader.java:23)
	at cucumber.runtime.FeaturePathFeatureSupplier.get(FeaturePathFeatureSupplier.java:33)
	at io.cucumber.testng.TestNGCucumberRunner.getFeatures(TestNGCucumberRunner.java:116)
	at io.cucumber.testng.TestNGCucumberRunner.provideScenarios(TestNGCucumberRunner.java:98)
	at io.cucumber.testng.AbstractTestNGCucumberTests.scenarios(AbstractTestNGCucumberTests.java:38)
	at java.base/jdk.internal.reflect.DirectMethodHandleAccessor.invoke(DirectMethodHandleAccessor.java:104)
	at java.base/java.lang.reflect.Method.invoke(Method.java:577)
	at org.testng.internal.MethodInvocationHelper.invokeMethod(MethodInvocationHelper.java:124)
	at org.testng.internal.MethodInvocationHelper.invokeMethod(MethodInvocationHelper.java:74)
	at org.testng.internal.MethodInvocationHelper.invokeMethodNoCheckedException(MethodInvocationHelper.java:45)
	at org.testng.internal.MethodInvocationHelper.invokeDataProvider(MethodInvocationHelper.java:131)
	at org.testng.internal.Parameters.handleParameters(Parameters.java:706)
	at org.testng.internal.ParameterHandler.handleParameters(ParameterHandler.java:49)
	at org.testng.internal.ParameterHandler.createParameters(ParameterHandler.java:37)
	at org.testng.internal.Invoker.invokeTestMethods(Invoker.java:924)
	at org.testng.internal.TestMethodWorker.invokeTestMethods(TestMethodWorker.java:125)
	at org.testng.internal.TestMethodWorker.run(TestMethodWorker.java:109)
	at org.testng.TestRunner.privateRun(TestRunner.java:648)
	at org.testng.TestRunner.run(TestRunner.java:505)
	at org.testng.SuiteRunner.runTest(SuiteRunner.java:455)
	at org.testng.SuiteRunner.runSequentially(SuiteRunner.java:450)
	at org.testng.SuiteRunner.privateRun(SuiteRunner.java:415)
	at org.testng.SuiteRunner.run(SuiteRunner.java:364)
	at org.testng.SuiteRunnerWorker.runSuite(SuiteRunnerWorker.java:52)
	at org.testng.SuiteRunnerWorker.run(SuiteRunnerWorker.java:84)
	at org.testng.TestNG.runSuitesSequentially(TestNG.java:1208)
	at org.testng.TestNG.runSuitesLocally(TestNG.java:1137)
	at org.testng.TestNG.runSuites(TestNG.java:1049)
	at org.testng.TestNG.run(TestNG.java:1017)
	at org.apache.maven.surefire.testng.TestNGExecutor.run(TestNGExecutor.java:283)
	at org.apache.maven.surefire.testng.TestNGXmlTestSuite.execute(TestNGXmlTestSuite.java:75)
	at org.apache.maven.surefire.testng.TestNGProvider.invoke(TestNGProvider.java:120)
	at org.apache.maven.surefire.booter.ForkedBooter.runSuitesInProcess(ForkedBooter.java:377)
	at org.apache.maven.surefire.booter.ForkedBooter.execute(ForkedBooter.java:138)
	at org.apache.maven.surefire.booter.ForkedBooter.run(ForkedBooter.java:465)
	at org.apache.maven.surefire.booter.ForkedBooter.main(ForkedBooter.java:451)

]]></system-err>
  </testcase>
  <testcase name="teardown" classname="Runner.runner" time="0">
    <skipped/>
  </testcase>
</testsuite>