<?xml version="1.0" encoding="UTF-8"?>
<!-- Generated by org.testng.reporters.JUnitReportReporter -->
<testsuite hostname="SUYCOKHWLAP300" failures="0" tests="1" name="Runner.runner" time="0.000" errors="0" timestamp="14 May 2024 13:59:46 GMT" skipped="1">
  <testcase classname="Runner.runner" name="runScenario" time="0.000">
    <skipped/>
  </testcase> <!-- runScenario -->
</testsuite> <!-- Runner.runner -->
